2023-08-27 16:41:10,244 [ 1] INFO  Unity: LoadingManager start
2023-08-27 16:42:53,608 [ 1] INFO  Unity: UserLoginRequest::user :123456 psw:123456
2023-08-27 16:42:53,620 [ 1] INFO  Unity: ConnectToServer() Start 
2023-08-27 16:42:53,621 [ 1] INFO  Unity: DoConnect
2023-08-27 16:42:53,624 [ 1] INFO  Unity: NetClient.DoConnect on 10.0.0.100:8000
2023-08-27 16:42:53,626 [ 1] INFO  Unity: Connect[0] to server 10.0.0.100:8000

2023-08-27 16:42:53,636 [ 1] INFO  Unity: LoadingMesager::OnGameServerConnect :0 reason:Success
2023-08-27 16:42:53,888 [ 1] INFO  Unity: UserLoginRequest::user :123456 psw:123456
2023-08-27 16:42:54,317 [ 1] INFO  Unity: OnUserLogin:Success [None]
2023-08-27 16:42:54,328 [ 1] INFO  Unity: LoadLevel: CharSelect
2023-08-27 16:42:54,660 [ 1] INFO  Unity: LevelLoadCompleted:1
2023-08-27 16:42:54,668 [ 1] INFO  Unity: DataManager > DataManager()
2023-08-27 16:42:56,025 [ 1] INFO  Unity: Select Char:[12]≤‚ ‘1[Warrior]
2023-08-27 16:42:56,879 [ 1] INFO  Unity: UserGameEnterRequest::characterId :0
2023-08-27 16:42:56,916 [ 1] INFO  Unity: OnGameEnter:Success [None]
2023-08-27 16:42:56,920 [ 1] INFO  Unity: OnMapCharacterEnter:Map:1 Count:1
2023-08-27 16:42:56,931 [ 1] INFO  Unity: AddCharacter:2:≤‚ ‘1 Map:1 Entity:(2:pos:(5000,4000,820),dir:(100,0,0),spd:0
2023-08-27 16:42:56,944 [ 1] INFO  Unity: LoadLevel: MainCity
2023-08-27 16:42:56,946 [ 1] INFO  Unity: OnCharacterEnter:1
2023-08-27 16:42:56,947 [ 1] INFO  Unity: LoadLevel: MainCity
2023-08-27 16:42:57,527 [ 1] WARN  Unity: No mesh data available for mesh Sphere001 on particle system fx_portal. Make sure Read/Write Enabled is set in the importer to work on the particle system renderer

2023-08-27 16:42:57,534 [ 1] WARN  Unity: No mesh data available for mesh Sphere001 on particle system fx_portal. Make sure Read/Write Enabled is set in the importer to work on the particle system renderer

2023-08-27 16:42:57,668 [ 1] INFO  Unity: LevelLoadCompleted:1
2023-08-27 16:42:57,697 [ 1] INFO  Unity: UIMinimap Start: minimapBoundingBox is not null
2023-08-27 16:43:00,513 [ 1] INFO  Unity: Getting MinimapBoundingBox value: null
2023-08-27 16:43:02,172 [ 1] WARN  Unity: UpdateMap.minimapBoundingBox is null or destroyed!
UnityEngine.Debug:LogWarning(Object)
UIMinimap:UpdateMap() (at Assets/Scripts/UI/Minimap/UIMinimap.cs:35)
UIMinimap:Start() (at Assets/Scripts/UI/Minimap/UIMinimap.cs:22)

2023-08-27 16:43:07,766 [ 1] INFO  Unity: MinimapBoundingBox value: not null
2023-08-27 16:43:09,492 [ 1] INFO  Unity: Getting MinimapBoundingBox value: not null
2023-08-27 16:43:22,142 [ 1] INFO  Unity: Getting MinimapBoundingBox value: not null
2023-08-27 16:43:25,365 [ 1] INFO  Unity: Getting MinimapBoundingBox value: not null
2023-08-27 16:43:27,003 [ 1] INFO  Unity: Getting MinimapBoundingBox value: not null
